2018-03-04 01:23:05 INFO  Version:45 - HHH000412: Hibernate Core {5.2.11.Final}
2018-03-04 01:23:05 INFO  Environment:213 - HHH000206: hibernate.properties not found
2018-03-04 01:24:43 INFO  Version:66 - HCANN000001: Hibernate Commons Annotations {5.0.1.Final}
2018-03-04 01:24:43 WARN  pooling:70 - HHH10001002: Using Hibernate built-in connection pool (not for production use!)
2018-03-04 01:28:11 INFO  Version:45 - HHH000412: Hibernate Core {5.2.11.Final}
2018-03-04 01:28:11 INFO  Environment:213 - HHH000206: hibernate.properties not found
2018-03-04 01:28:12 INFO  Version:66 - HCANN000001: Hibernate Commons Annotations {5.0.1.Final}
2018-03-04 01:28:12 WARN  pooling:70 - HHH10001002: Using Hibernate built-in connection pool (not for production use!)
2018-03-04 01:28:12 INFO  pooling:126 - HHH10001005: using driver [com.mysql.jdbc.Driver] at URL [jdbc:mysql://localhost/rough]
2018-03-04 01:28:12 INFO  pooling:135 - HHH10001001: Connection properties: {user=root, password=****}
2018-03-04 01:28:12 INFO  pooling:140 - HHH10001003: Autocommit mode: false
2018-03-04 01:28:12 INFO  DriverManagerConnectionProviderImpl:41 - HHH000115: Hibernate connection pool size: 20 (min=1)
2018-03-04 01:28:15 INFO  Dialect:157 - HHH000400: Using dialect: org.hibernate.dialect.MySQL57Dialect
2018-03-04 01:30:41 INFO  Version:45 - HHH000412: Hibernate Core {5.2.11.Final}
2018-03-04 01:30:41 INFO  Environment:213 - HHH000206: hibernate.properties not found
2018-03-04 01:30:42 INFO  Version:66 - HCANN000001: Hibernate Commons Annotations {5.0.1.Final}
2018-03-04 01:30:42 WARN  pooling:70 - HHH10001002: Using Hibernate built-in connection pool (not for production use!)
2018-03-04 01:30:42 INFO  pooling:126 - HHH10001005: using driver [com.mysql.jdbc.Driver] at URL [jdbc:mysql://localhost/rough]
2018-03-04 01:30:42 INFO  pooling:135 - HHH10001001: Connection properties: {user=root, password=****}
2018-03-04 01:30:42 INFO  pooling:140 - HHH10001003: Autocommit mode: false
2018-03-04 01:30:42 INFO  DriverManagerConnectionProviderImpl:41 - HHH000115: Hibernate connection pool size: 20 (min=1)
2018-03-04 01:30:43 INFO  Dialect:157 - HHH000400: Using dialect: org.hibernate.dialect.MySQL57Dialect
2018-03-04 01:30:45 INFO  access:47 - HHH10001501: Connection obtained from JdbcConnectionAccess [org.hibernate.engine.jdbc.env.internal.JdbcEnvironmentInitiator$ConnectionProviderJdbcConnectionAccess@2f02978b] for (non-JTA) DDL execution was not in auto-commit mode; the Connection 'local transaction' will be committed and the Connection will be set into auto-commit mode.
2018-03-04 01:30:45 INFO  access:47 - HHH10001501: Connection obtained from JdbcConnectionAccess [org.hibernate.engine.jdbc.env.internal.JdbcEnvironmentInitiator$ConnectionProviderJdbcConnectionAccess@33ac6854] for (non-JTA) DDL execution was not in auto-commit mode; the Connection 'local transaction' will be committed and the Connection will be set into auto-commit mode.
2018-03-04 01:30:47 INFO  SchemaCreatorImpl:489 - HHH000476: Executing import script 'org.hibernate.tool.schema.internal.exec.ScriptSourceInputNonExistentImpl@2cec0baf'
2018-03-04 01:52:53 INFO  Version:45 - HHH000412: Hibernate Core {5.2.11.Final}
2018-03-04 01:52:53 INFO  Environment:213 - HHH000206: hibernate.properties not found
2018-03-04 01:52:53 INFO  Version:66 - HCANN000001: Hibernate Commons Annotations {5.0.1.Final}
2018-03-04 01:52:53 WARN  pooling:70 - HHH10001002: Using Hibernate built-in connection pool (not for production use!)
2018-03-04 01:52:53 INFO  pooling:126 - HHH10001005: using driver [com.mysql.jdbc.Driver] at URL [jdbc:mysql://localhost/rough]
2018-03-04 01:52:53 INFO  pooling:135 - HHH10001001: Connection properties: {user=root, password=****}
2018-03-04 01:52:53 INFO  pooling:140 - HHH10001003: Autocommit mode: false
2018-03-04 01:52:53 INFO  DriverManagerConnectionProviderImpl:41 - HHH000115: Hibernate connection pool size: 20 (min=1)
2018-03-04 01:52:54 INFO  Dialect:157 - HHH000400: Using dialect: org.hibernate.dialect.MySQL57Dialect
2018-03-04 01:52:56 INFO  access:47 - HHH10001501: Connection obtained from JdbcConnectionAccess [org.hibernate.engine.jdbc.env.internal.JdbcEnvironmentInitiator$ConnectionProviderJdbcConnectionAccess@547a68b1] for (non-JTA) DDL execution was not in auto-commit mode; the Connection 'local transaction' will be committed and the Connection will be set into auto-commit mode.
2018-03-04 01:52:57 INFO  access:47 - HHH10001501: Connection obtained from JdbcConnectionAccess [org.hibernate.engine.jdbc.env.internal.JdbcEnvironmentInitiator$ConnectionProviderJdbcConnectionAccess@3136e6e] for (non-JTA) DDL execution was not in auto-commit mode; the Connection 'local transaction' will be committed and the Connection will be set into auto-commit mode.
2018-03-04 01:52:59 INFO  SchemaCreatorImpl:489 - HHH000476: Executing import script 'org.hibernate.tool.schema.internal.exec.ScriptSourceInputNonExistentImpl@7edb8a89'
2018-03-04 01:52:59 INFO  ApplicantController:106 - CivilianBean [id=1, applicantFirstName=null, applicantLastName=null, emailId=SinghDigvijay1030@gmail.com, mobileNumber=9587135698, password=12345]
2018-03-04 01:55:45 INFO  Version:45 - HHH000412: Hibernate Core {5.2.11.Final}
2018-03-04 01:55:45 INFO  Environment:213 - HHH000206: hibernate.properties not found
2018-03-04 01:55:45 INFO  Version:66 - HCANN000001: Hibernate Commons Annotations {5.0.1.Final}
2018-03-04 01:55:46 WARN  pooling:70 - HHH10001002: Using Hibernate built-in connection pool (not for production use!)
2018-03-04 01:55:46 INFO  pooling:126 - HHH10001005: using driver [com.mysql.jdbc.Driver] at URL [jdbc:mysql://localhost/rough]
2018-03-04 01:55:46 INFO  pooling:135 - HHH10001001: Connection properties: {user=root, password=****}
2018-03-04 01:55:46 INFO  pooling:140 - HHH10001003: Autocommit mode: false
2018-03-04 01:55:46 INFO  DriverManagerConnectionProviderImpl:41 - HHH000115: Hibernate connection pool size: 20 (min=1)
2018-03-04 01:55:47 INFO  Dialect:157 - HHH000400: Using dialect: org.hibernate.dialect.MySQL57Dialect
2018-03-04 01:55:48 INFO  access:47 - HHH10001501: Connection obtained from JdbcConnectionAccess [org.hibernate.engine.jdbc.env.internal.JdbcEnvironmentInitiator$ConnectionProviderJdbcConnectionAccess@2ff8bb92] for (non-JTA) DDL execution was not in auto-commit mode; the Connection 'local transaction' will be committed and the Connection will be set into auto-commit mode.
2018-03-04 01:55:49 INFO  access:47 - HHH10001501: Connection obtained from JdbcConnectionAccess [org.hibernate.engine.jdbc.env.internal.JdbcEnvironmentInitiator$ConnectionProviderJdbcConnectionAccess@770f9caa] for (non-JTA) DDL execution was not in auto-commit mode; the Connection 'local transaction' will be committed and the Connection will be set into auto-commit mode.
2018-03-04 01:55:50 INFO  SchemaCreatorImpl:489 - HHH000476: Executing import script 'org.hibernate.tool.schema.internal.exec.ScriptSourceInputNonExistentImpl@53105674'
2018-03-04 01:55:51 INFO  ApplicantController:106 - CivilianBean [id=1, applicantFirstName=Digvijay, applicantLastName=Singh, emailId=SinghDigvijay1030@gmail.com, mobileNumber=9587135698, password=12345]
2018-03-04 01:56:50 WARN  pooling:70 - HHH10001002: Using Hibernate built-in connection pool (not for production use!)
2018-03-04 01:56:50 INFO  pooling:126 - HHH10001005: using driver [com.mysql.jdbc.Driver] at URL [jdbc:mysql://localhost/rough]
2018-03-04 01:56:50 INFO  pooling:135 - HHH10001001: Connection properties: {user=root, password=****}
2018-03-04 01:56:50 INFO  pooling:140 - HHH10001003: Autocommit mode: false
2018-03-04 01:56:50 INFO  DriverManagerConnectionProviderImpl:41 - HHH000115: Hibernate connection pool size: 20 (min=1)
2018-03-04 01:56:50 INFO  Dialect:157 - HHH000400: Using dialect: org.hibernate.dialect.MySQL57Dialect
2018-03-04 01:56:50 INFO  access:47 - HHH10001501: Connection obtained from JdbcConnectionAccess [org.hibernate.engine.jdbc.env.internal.JdbcEnvironmentInitiator$ConnectionProviderJdbcConnectionAccess@77eda262] for (non-JTA) DDL execution was not in auto-commit mode; the Connection 'local transaction' will be committed and the Connection will be set into auto-commit mode.
2018-03-04 01:56:50 INFO  access:47 - HHH10001501: Connection obtained from JdbcConnectionAccess [org.hibernate.engine.jdbc.env.internal.JdbcEnvironmentInitiator$ConnectionProviderJdbcConnectionAccess@1f94ce27] for (non-JTA) DDL execution was not in auto-commit mode; the Connection 'local transaction' will be committed and the Connection will be set into auto-commit mode.
2018-03-04 01:56:51 INFO  SchemaCreatorImpl:489 - HHH000476: Executing import script 'org.hibernate.tool.schema.internal.exec.ScriptSourceInputNonExistentImpl@53105674'
2018-03-04 01:56:51 INFO  ApplicantController:106 - CivilianBean [id=1, applicantFirstName=Kashika, applicantLastName=Singh, emailId=KashikaShishodia@gmail.com, mobileNumber=7898685847, password=12345]
2018-03-04 01:57:44 INFO  Version:45 - HHH000412: Hibernate Core {5.2.11.Final}
2018-03-04 01:57:44 INFO  Environment:213 - HHH000206: hibernate.properties not found
2018-03-04 01:57:44 INFO  Version:66 - HCANN000001: Hibernate Commons Annotations {5.0.1.Final}
2018-03-04 01:57:45 WARN  pooling:70 - HHH10001002: Using Hibernate built-in connection pool (not for production use!)
2018-03-04 01:57:45 INFO  pooling:126 - HHH10001005: using driver [com.mysql.jdbc.Driver] at URL [jdbc:mysql://localhost/rough]
2018-03-04 01:57:45 INFO  pooling:135 - HHH10001001: Connection properties: {user=root, password=****}
2018-03-04 01:57:45 INFO  pooling:140 - HHH10001003: Autocommit mode: false
2018-03-04 01:57:45 INFO  DriverManagerConnectionProviderImpl:41 - HHH000115: Hibernate connection pool size: 20 (min=1)
2018-03-04 01:57:46 INFO  Dialect:157 - HHH000400: Using dialect: org.hibernate.dialect.MySQL57Dialect
2018-03-04 01:57:48 INFO  access:47 - HHH10001501: Connection obtained from JdbcConnectionAccess [org.hibernate.engine.jdbc.env.internal.JdbcEnvironmentInitiator$ConnectionProviderJdbcConnectionAccess@784cf65e] for (non-JTA) DDL execution was not in auto-commit mode; the Connection 'local transaction' will be committed and the Connection will be set into auto-commit mode.
2018-03-04 01:57:49 INFO  ApplicantController:106 - CivilianBean [id=2, applicantFirstName=Digvijay, applicantLastName=Singh, emailId=SinghDigvijay1030@gmail.com, mobileNumber=9587135698, password=12345]
2018-03-04 02:20:44 INFO  Version:45 - HHH000412: Hibernate Core {5.2.11.Final}
2018-03-04 02:20:44 INFO  Environment:213 - HHH000206: hibernate.properties not found
2018-03-04 02:20:45 INFO  Version:66 - HCANN000001: Hibernate Commons Annotations {5.0.1.Final}
2018-03-04 02:20:45 WARN  pooling:70 - HHH10001002: Using Hibernate built-in connection pool (not for production use!)
2018-03-04 02:20:45 INFO  pooling:126 - HHH10001005: using driver [com.mysql.jdbc.Driver] at URL [jdbc:mysql://localhost/rough]
2018-03-04 02:20:45 INFO  pooling:135 - HHH10001001: Connection properties: {user=root, password=****}
2018-03-04 02:20:45 INFO  pooling:140 - HHH10001003: Autocommit mode: false
2018-03-04 02:20:45 INFO  DriverManagerConnectionProviderImpl:41 - HHH000115: Hibernate connection pool size: 20 (min=1)
2018-03-04 02:20:46 INFO  Dialect:157 - HHH000400: Using dialect: org.hibernate.dialect.MySQL57Dialect
2018-03-04 02:20:48 INFO  access:47 - HHH10001501: Connection obtained from JdbcConnectionAccess [org.hibernate.engine.jdbc.env.internal.JdbcEnvironmentInitiator$ConnectionProviderJdbcConnectionAccess@2d8c1fb7] for (non-JTA) DDL execution was not in auto-commit mode; the Connection 'local transaction' will be committed and the Connection will be set into auto-commit mode.
2018-03-04 02:23:12 INFO  Version:45 - HHH000412: Hibernate Core {5.2.11.Final}
2018-03-04 02:23:13 INFO  Environment:213 - HHH000206: hibernate.properties not found
2018-03-04 02:23:13 INFO  Version:66 - HCANN000001: Hibernate Commons Annotations {5.0.1.Final}
2018-03-04 02:23:13 WARN  pooling:70 - HHH10001002: Using Hibernate built-in connection pool (not for production use!)
2018-03-04 02:23:13 INFO  pooling:126 - HHH10001005: using driver [com.mysql.jdbc.Driver] at URL [jdbc:mysql://localhost/rough]
2018-03-04 02:23:13 INFO  pooling:135 - HHH10001001: Connection properties: {user=root, password=****}
2018-03-04 02:23:13 INFO  pooling:140 - HHH10001003: Autocommit mode: false
2018-03-04 02:23:13 INFO  DriverManagerConnectionProviderImpl:41 - HHH000115: Hibernate connection pool size: 20 (min=1)
2018-03-04 02:23:14 INFO  Dialect:157 - HHH000400: Using dialect: org.hibernate.dialect.MySQL57Dialect
2018-03-04 02:23:16 INFO  access:47 - HHH10001501: Connection obtained from JdbcConnectionAccess [org.hibernate.engine.jdbc.env.internal.JdbcEnvironmentInitiator$ConnectionProviderJdbcConnectionAccess@79bc08fe] for (non-JTA) DDL execution was not in auto-commit mode; the Connection 'local transaction' will be committed and the Connection will be set into auto-commit mode.
2018-03-04 02:25:08 WARN  pooling:70 - HHH10001002: Using Hibernate built-in connection pool (not for production use!)
2018-03-04 02:25:08 INFO  pooling:126 - HHH10001005: using driver [com.mysql.jdbc.Driver] at URL [jdbc:mysql://localhost/rough]
2018-03-04 02:25:08 INFO  pooling:135 - HHH10001001: Connection properties: {user=root, password=****}
2018-03-04 02:25:08 INFO  pooling:140 - HHH10001003: Autocommit mode: false
2018-03-04 02:25:08 INFO  DriverManagerConnectionProviderImpl:41 - HHH000115: Hibernate connection pool size: 20 (min=1)
2018-03-04 02:25:09 INFO  Dialect:157 - HHH000400: Using dialect: org.hibernate.dialect.MySQL57Dialect
2018-03-04 02:25:09 INFO  access:47 - HHH10001501: Connection obtained from JdbcConnectionAccess [org.hibernate.engine.jdbc.env.internal.JdbcEnvironmentInitiator$ConnectionProviderJdbcConnectionAccess@7660359a] for (non-JTA) DDL execution was not in auto-commit mode; the Connection 'local transaction' will be committed and the Connection will be set into auto-commit mode.
2018-03-04 02:25:09 INFO  ApplicantController:122 - Entering The LoginOfficer Method
2018-03-04 02:25:09 INFO  QueryTranslatorFactoryInitiator:47 - HHH000397: Using ASTQueryTranslatorFactory
2018-03-04 02:25:10 INFO  ApplicantController:138 - []
2018-03-04 02:25:10 INFO  ApplicantController:143 - Exiting The LoginOfficer Method
2018-03-04 02:26:40 WARN  pooling:70 - HHH10001002: Using Hibernate built-in connection pool (not for production use!)
2018-03-04 02:26:40 INFO  pooling:126 - HHH10001005: using driver [com.mysql.jdbc.Driver] at URL [jdbc:mysql://localhost/rough]
2018-03-04 02:26:40 INFO  pooling:135 - HHH10001001: Connection properties: {user=root, password=****}
2018-03-04 02:26:40 INFO  pooling:140 - HHH10001003: Autocommit mode: false
2018-03-04 02:26:40 INFO  DriverManagerConnectionProviderImpl:41 - HHH000115: Hibernate connection pool size: 20 (min=1)
2018-03-04 02:26:40 INFO  Dialect:157 - HHH000400: Using dialect: org.hibernate.dialect.MySQL57Dialect
2018-03-04 02:26:40 INFO  access:47 - HHH10001501: Connection obtained from JdbcConnectionAccess [org.hibernate.engine.jdbc.env.internal.JdbcEnvironmentInitiator$ConnectionProviderJdbcConnectionAccess@d1d3c55] for (non-JTA) DDL execution was not in auto-commit mode; the Connection 'local transaction' will be committed and the Connection will be set into auto-commit mode.
2018-03-04 02:26:40 INFO  ApplicantController:74 - com.nucleus.bean.OfficerBean@74375da7
2018-03-04 02:28:56 WARN  pooling:70 - HHH10001002: Using Hibernate built-in connection pool (not for production use!)
2018-03-04 02:28:56 INFO  pooling:126 - HHH10001005: using driver [com.mysql.jdbc.Driver] at URL [jdbc:mysql://localhost/rough]
2018-03-04 02:28:56 INFO  pooling:135 - HHH10001001: Connection properties: {user=root, password=****}
2018-03-04 02:28:56 INFO  pooling:140 - HHH10001003: Autocommit mode: false
2018-03-04 02:28:56 INFO  DriverManagerConnectionProviderImpl:41 - HHH000115: Hibernate connection pool size: 20 (min=1)
2018-03-04 02:28:56 INFO  Dialect:157 - HHH000400: Using dialect: org.hibernate.dialect.MySQL57Dialect
2018-03-04 02:28:56 INFO  access:47 - HHH10001501: Connection obtained from JdbcConnectionAccess [org.hibernate.engine.jdbc.env.internal.JdbcEnvironmentInitiator$ConnectionProviderJdbcConnectionAccess@ca6e4a2] for (non-JTA) DDL execution was not in auto-commit mode; the Connection 'local transaction' will be committed and the Connection will be set into auto-commit mode.
2018-03-04 02:28:56 INFO  ApplicantController:74 - com.nucleus.bean.OfficerBean@7bb29f92
2018-03-04 02:29:48 INFO  Version:45 - HHH000412: Hibernate Core {5.2.11.Final}
2018-03-04 02:29:48 INFO  Environment:213 - HHH000206: hibernate.properties not found
2018-03-04 02:29:49 INFO  Version:66 - HCANN000001: Hibernate Commons Annotations {5.0.1.Final}
2018-03-04 02:29:49 WARN  pooling:70 - HHH10001002: Using Hibernate built-in connection pool (not for production use!)
2018-03-04 02:29:49 INFO  pooling:126 - HHH10001005: using driver [com.mysql.jdbc.Driver] at URL [jdbc:mysql://localhost/rough]
2018-03-04 02:29:49 INFO  pooling:135 - HHH10001001: Connection properties: {user=root, password=****}
2018-03-04 02:29:49 INFO  pooling:140 - HHH10001003: Autocommit mode: false
2018-03-04 02:29:49 INFO  DriverManagerConnectionProviderImpl:41 - HHH000115: Hibernate connection pool size: 20 (min=1)
2018-03-04 02:29:50 INFO  Dialect:157 - HHH000400: Using dialect: org.hibernate.dialect.MySQL57Dialect
2018-03-04 02:29:52 INFO  access:47 - HHH10001501: Connection obtained from JdbcConnectionAccess [org.hibernate.engine.jdbc.env.internal.JdbcEnvironmentInitiator$ConnectionProviderJdbcConnectionAccess@7213d01a] for (non-JTA) DDL execution was not in auto-commit mode; the Connection 'local transaction' will be committed and the Connection will be set into auto-commit mode.
2018-03-04 02:29:52 INFO  ApplicantController:74 - com.nucleus.bean.OfficerBean@7de3ba9b
2018-03-04 02:30:45 WARN  pooling:70 - HHH10001002: Using Hibernate built-in connection pool (not for production use!)
2018-03-04 02:30:45 INFO  pooling:126 - HHH10001005: using driver [com.mysql.jdbc.Driver] at URL [jdbc:mysql://localhost/rough]
2018-03-04 02:30:45 INFO  pooling:135 - HHH10001001: Connection properties: {user=root, password=****}
2018-03-04 02:30:45 INFO  pooling:140 - HHH10001003: Autocommit mode: false
2018-03-04 02:30:45 INFO  DriverManagerConnectionProviderImpl:41 - HHH000115: Hibernate connection pool size: 20 (min=1)
2018-03-04 02:30:45 INFO  Dialect:157 - HHH000400: Using dialect: org.hibernate.dialect.MySQL57Dialect
2018-03-04 02:30:45 INFO  access:47 - HHH10001501: Connection obtained from JdbcConnectionAccess [org.hibernate.engine.jdbc.env.internal.JdbcEnvironmentInitiator$ConnectionProviderJdbcConnectionAccess@4d26f77e] for (non-JTA) DDL execution was not in auto-commit mode; the Connection 'local transaction' will be committed and the Connection will be set into auto-commit mode.
2018-03-04 02:30:45 INFO  ApplicantController:74 - com.nucleus.bean.OfficerBean@76dc97e5
2018-03-04 02:31:19 WARN  pooling:70 - HHH10001002: Using Hibernate built-in connection pool (not for production use!)
2018-03-04 02:31:19 INFO  pooling:126 - HHH10001005: using driver [com.mysql.jdbc.Driver] at URL [jdbc:mysql://localhost/rough]
2018-03-04 02:31:19 INFO  pooling:135 - HHH10001001: Connection properties: {user=root, password=****}
2018-03-04 02:31:19 INFO  pooling:140 - HHH10001003: Autocommit mode: false
2018-03-04 02:31:19 INFO  DriverManagerConnectionProviderImpl:41 - HHH000115: Hibernate connection pool size: 20 (min=1)
2018-03-04 02:31:19 INFO  Dialect:157 - HHH000400: Using dialect: org.hibernate.dialect.MySQL57Dialect
2018-03-04 02:31:19 INFO  access:47 - HHH10001501: Connection obtained from JdbcConnectionAccess [org.hibernate.engine.jdbc.env.internal.JdbcEnvironmentInitiator$ConnectionProviderJdbcConnectionAccess@18ddfc5f] for (non-JTA) DDL execution was not in auto-commit mode; the Connection 'local transaction' will be committed and the Connection will be set into auto-commit mode.
2018-03-04 02:31:19 INFO  ApplicantController:122 - Entering The LoginOfficer Method
2018-03-04 02:31:20 INFO  QueryTranslatorFactoryInitiator:47 - HHH000397: Using ASTQueryTranslatorFactory
2018-03-04 02:31:20 INFO  ApplicantController:138 - [[Ljava.lang.Object;@710dc70c, [Ljava.lang.Object;@5599160e]
2018-03-04 02:31:20 INFO  ApplicantController:143 - Exiting The LoginOfficer Method
2018-03-04 02:32:27 INFO  Version:45 - HHH000412: Hibernate Core {5.2.11.Final}
2018-03-04 02:32:27 INFO  Environment:213 - HHH000206: hibernate.properties not found
2018-03-04 02:32:27 INFO  Version:66 - HCANN000001: Hibernate Commons Annotations {5.0.1.Final}
2018-03-04 02:32:28 WARN  pooling:70 - HHH10001002: Using Hibernate built-in connection pool (not for production use!)
2018-03-04 02:32:28 INFO  pooling:126 - HHH10001005: using driver [com.mysql.jdbc.Driver] at URL [jdbc:mysql://localhost/rough]
2018-03-04 02:32:28 INFO  pooling:135 - HHH10001001: Connection properties: {user=root, password=****}
2018-03-04 02:32:28 INFO  pooling:140 - HHH10001003: Autocommit mode: false
2018-03-04 02:32:28 INFO  DriverManagerConnectionProviderImpl:41 - HHH000115: Hibernate connection pool size: 20 (min=1)
2018-03-04 02:32:28 INFO  Dialect:157 - HHH000400: Using dialect: org.hibernate.dialect.MySQL57Dialect
2018-03-04 02:32:30 INFO  access:47 - HHH10001501: Connection obtained from JdbcConnectionAccess [org.hibernate.engine.jdbc.env.internal.JdbcEnvironmentInitiator$ConnectionProviderJdbcConnectionAccess@23564ef9] for (non-JTA) DDL execution was not in auto-commit mode; the Connection 'local transaction' will be committed and the Connection will be set into auto-commit mode.
2018-03-04 02:32:30 INFO  ApplicantController:122 - Entering The LoginOfficer Method
2018-03-04 02:32:31 INFO  QueryTranslatorFactoryInitiator:47 - HHH000397: Using ASTQueryTranslatorFactory
2018-03-04 02:32:31 INFO  ApplicantController:138 - [[Ljava.lang.Object;@72e1fc7e, [Ljava.lang.Object;@3c30e8cd]
2018-03-04 02:32:31 INFO  ApplicantController:143 - Exiting The LoginOfficer Method
2018-03-04 02:40:39 INFO  Version:45 - HHH000412: Hibernate Core {5.2.11.Final}
2018-03-04 02:40:39 INFO  Environment:213 - HHH000206: hibernate.properties not found
2018-03-04 02:40:39 INFO  Version:66 - HCANN000001: Hibernate Commons Annotations {5.0.1.Final}
2018-03-04 02:40:39 WARN  pooling:70 - HHH10001002: Using Hibernate built-in connection pool (not for production use!)
2018-03-04 02:40:39 INFO  pooling:126 - HHH10001005: using driver [com.mysql.jdbc.Driver] at URL [jdbc:mysql://localhost/rough]
2018-03-04 02:40:39 INFO  pooling:135 - HHH10001001: Connection properties: {user=root, password=****}
2018-03-04 02:40:39 INFO  pooling:140 - HHH10001003: Autocommit mode: false
2018-03-04 02:40:39 INFO  DriverManagerConnectionProviderImpl:41 - HHH000115: Hibernate connection pool size: 20 (min=1)
2018-03-04 02:40:40 INFO  Dialect:157 - HHH000400: Using dialect: org.hibernate.dialect.MySQL57Dialect
2018-03-04 02:40:41 INFO  access:47 - HHH10001501: Connection obtained from JdbcConnectionAccess [org.hibernate.engine.jdbc.env.internal.JdbcEnvironmentInitiator$ConnectionProviderJdbcConnectionAccess@32ee2a6f] for (non-JTA) DDL execution was not in auto-commit mode; the Connection 'local transaction' will be committed and the Connection will be set into auto-commit mode.
2018-03-04 02:40:42 INFO  ApplicantController:122 - Entering The LoginOfficer Method
2018-03-04 02:40:42 INFO  QueryTranslatorFactoryInitiator:47 - HHH000397: Using ASTQueryTranslatorFactory
2018-03-04 02:40:42 INFO  ApplicantController:139 - [Ljava.lang.Object;@3b662077
2018-03-04 02:40:42 INFO  ApplicantController:139 - [Ljava.lang.Object;@74b05439
2018-03-04 02:40:42 INFO  ApplicantController:144 - Exiting The LoginOfficer Method
2018-03-04 02:41:54 INFO  Version:45 - HHH000412: Hibernate Core {5.2.11.Final}
2018-03-04 02:41:54 INFO  Environment:213 - HHH000206: hibernate.properties not found
2018-03-04 02:41:54 INFO  Version:66 - HCANN000001: Hibernate Commons Annotations {5.0.1.Final}
2018-03-04 02:41:55 WARN  pooling:70 - HHH10001002: Using Hibernate built-in connection pool (not for production use!)
2018-03-04 02:41:55 INFO  pooling:126 - HHH10001005: using driver [com.mysql.jdbc.Driver] at URL [jdbc:mysql://localhost/rough]
2018-03-04 02:41:55 INFO  pooling:135 - HHH10001001: Connection properties: {user=root, password=****}
2018-03-04 02:41:55 INFO  pooling:140 - HHH10001003: Autocommit mode: false
2018-03-04 02:41:55 INFO  DriverManagerConnectionProviderImpl:41 - HHH000115: Hibernate connection pool size: 20 (min=1)
2018-03-04 02:41:55 INFO  Dialect:157 - HHH000400: Using dialect: org.hibernate.dialect.MySQL57Dialect
2018-03-04 02:41:57 INFO  access:47 - HHH10001501: Connection obtained from JdbcConnectionAccess [org.hibernate.engine.jdbc.env.internal.JdbcEnvironmentInitiator$ConnectionProviderJdbcConnectionAccess@17d51bb4] for (non-JTA) DDL execution was not in auto-commit mode; the Connection 'local transaction' will be committed and the Connection will be set into auto-commit mode.
2018-03-04 02:41:57 INFO  ApplicantController:122 - Entering The LoginOfficer Method
2018-03-04 02:41:57 INFO  QueryTranslatorFactoryInitiator:47 - HHH000397: Using ASTQueryTranslatorFactory
2018-03-04 02:41:58 INFO  ApplicantController:139 - [Ljava.lang.Object;@9726ddc
2018-03-04 02:41:58 INFO  ApplicantController:139 - [Ljava.lang.Object;@4e686a0c
2018-03-04 02:41:58 INFO  ApplicantController:144 - Exiting The LoginOfficer Method
2018-03-04 02:50:37 INFO  Version:45 - HHH000412: Hibernate Core {5.2.11.Final}
2018-03-04 02:50:37 INFO  Environment:213 - HHH000206: hibernate.properties not found
2018-03-04 02:50:38 INFO  Version:66 - HCANN000001: Hibernate Commons Annotations {5.0.1.Final}
2018-03-04 02:50:38 WARN  pooling:70 - HHH10001002: Using Hibernate built-in connection pool (not for production use!)
2018-03-04 02:50:38 INFO  pooling:126 - HHH10001005: using driver [com.mysql.jdbc.Driver] at URL [jdbc:mysql://localhost/rough]
2018-03-04 02:50:38 INFO  pooling:135 - HHH10001001: Connection properties: {user=root, password=****}
2018-03-04 02:50:38 INFO  pooling:140 - HHH10001003: Autocommit mode: false
2018-03-04 02:50:38 INFO  DriverManagerConnectionProviderImpl:41 - HHH000115: Hibernate connection pool size: 20 (min=1)
2018-03-04 02:50:39 INFO  Dialect:157 - HHH000400: Using dialect: org.hibernate.dialect.MySQL57Dialect
2018-03-04 02:50:40 INFO  access:47 - HHH10001501: Connection obtained from JdbcConnectionAccess [org.hibernate.engine.jdbc.env.internal.JdbcEnvironmentInitiator$ConnectionProviderJdbcConnectionAccess@34461f0a] for (non-JTA) DDL execution was not in auto-commit mode; the Connection 'local transaction' will be committed and the Connection will be set into auto-commit mode.
2018-03-04 02:50:41 INFO  ApplicantController:122 - Entering The LoginOfficer Method
2018-03-04 02:50:41 INFO  QueryTranslatorFactoryInitiator:47 - HHH000397: Using ASTQueryTranslatorFactory
2018-03-04 02:50:41 INFO  ApplicantController:139 - SinghDigvijay1030@gmail.com 12345 Pilkhuwa
2018-03-04 02:50:41 INFO  ApplicantController:139 - SinghDigvijay1030@gmail.com 12345 Dasna
2018-03-04 02:50:41 INFO  ApplicantController:145 - Exiting The LoginOfficer Method
2018-03-04 02:58:32 INFO  Version:45 - HHH000412: Hibernate Core {5.2.11.Final}
2018-03-04 02:58:32 INFO  Environment:213 - HHH000206: hibernate.properties not found
2018-03-04 02:58:32 INFO  Version:66 - HCANN000001: Hibernate Commons Annotations {5.0.1.Final}
2018-03-04 02:58:32 WARN  pooling:70 - HHH10001002: Using Hibernate built-in connection pool (not for production use!)
2018-03-04 02:58:32 INFO  pooling:126 - HHH10001005: using driver [com.mysql.jdbc.Driver] at URL [jdbc:mysql://localhost/rough]
2018-03-04 02:58:32 INFO  pooling:135 - HHH10001001: Connection properties: {user=root, password=****}
2018-03-04 02:58:32 INFO  pooling:140 - HHH10001003: Autocommit mode: false
2018-03-04 02:58:32 INFO  DriverManagerConnectionProviderImpl:41 - HHH000115: Hibernate connection pool size: 20 (min=1)
2018-03-04 02:58:33 INFO  Dialect:157 - HHH000400: Using dialect: org.hibernate.dialect.MySQL57Dialect
2018-03-04 02:58:35 INFO  access:47 - HHH10001501: Connection obtained from JdbcConnectionAccess [org.hibernate.engine.jdbc.env.internal.JdbcEnvironmentInitiator$ConnectionProviderJdbcConnectionAccess@4e55cbae] for (non-JTA) DDL execution was not in auto-commit mode; the Connection 'local transaction' will be committed and the Connection will be set into auto-commit mode.
2018-03-04 02:58:36 INFO  ApplicantController:120 - Entering The LoginOfficer Method
2018-03-04 02:58:36 INFO  QueryTranslatorFactoryInitiator:47 - HHH000397: Using ASTQueryTranslatorFactory
2018-03-04 02:58:36 WARN  ApplicantController:151 - java.lang.ClassCastException: com.nucleus.bean.OfficerBean cannot be cast to [Ljava.lang.Object;
2018-03-04 03:01:42 INFO  Version:45 - HHH000412: Hibernate Core {5.2.11.Final}
2018-03-04 03:01:42 INFO  Environment:213 - HHH000206: hibernate.properties not found
2018-03-04 03:01:43 INFO  Version:66 - HCANN000001: Hibernate Commons Annotations {5.0.1.Final}
2018-03-04 03:01:43 WARN  pooling:70 - HHH10001002: Using Hibernate built-in connection pool (not for production use!)
2018-03-04 03:01:43 INFO  pooling:126 - HHH10001005: using driver [com.mysql.jdbc.Driver] at URL [jdbc:mysql://localhost/rough]
2018-03-04 03:01:43 INFO  pooling:135 - HHH10001001: Connection properties: {user=root, password=****}
2018-03-04 03:01:43 INFO  pooling:140 - HHH10001003: Autocommit mode: false
2018-03-04 03:01:43 INFO  DriverManagerConnectionProviderImpl:41 - HHH000115: Hibernate connection pool size: 20 (min=1)
2018-03-04 03:01:44 INFO  Dialect:157 - HHH000400: Using dialect: org.hibernate.dialect.MySQL57Dialect
2018-03-04 03:01:46 INFO  access:47 - HHH10001501: Connection obtained from JdbcConnectionAccess [org.hibernate.engine.jdbc.env.internal.JdbcEnvironmentInitiator$ConnectionProviderJdbcConnectionAccess@78ce049c] for (non-JTA) DDL execution was not in auto-commit mode; the Connection 'local transaction' will be committed and the Connection will be set into auto-commit mode.
2018-03-04 03:01:46 INFO  ApplicantController:120 - Entering The LoginOfficer Method
2018-03-04 03:01:46 INFO  QueryTranslatorFactoryInitiator:47 - HHH000397: Using ASTQueryTranslatorFactory
2018-03-04 03:01:47 INFO  ApplicantController:148 - Exiting The LoginOfficer Method
2018-03-04 03:15:40 INFO  Version:45 - HHH000412: Hibernate Core {5.2.11.Final}
2018-03-04 03:15:40 INFO  Environment:213 - HHH000206: hibernate.properties not found
2018-03-04 03:15:40 INFO  Version:66 - HCANN000001: Hibernate Commons Annotations {5.0.1.Final}
2018-03-04 03:15:40 WARN  pooling:70 - HHH10001002: Using Hibernate built-in connection pool (not for production use!)
2018-03-04 03:15:40 INFO  pooling:126 - HHH10001005: using driver [com.mysql.jdbc.Driver] at URL [jdbc:mysql://localhost/rough]
2018-03-04 03:15:40 INFO  pooling:135 - HHH10001001: Connection properties: {user=root, password=****}
2018-03-04 03:15:40 INFO  pooling:140 - HHH10001003: Autocommit mode: false
2018-03-04 03:15:40 INFO  DriverManagerConnectionProviderImpl:41 - HHH000115: Hibernate connection pool size: 20 (min=1)
2018-03-04 03:15:41 INFO  Dialect:157 - HHH000400: Using dialect: org.hibernate.dialect.MySQL57Dialect
2018-03-04 03:15:43 INFO  access:47 - HHH10001501: Connection obtained from JdbcConnectionAccess [org.hibernate.engine.jdbc.env.internal.JdbcEnvironmentInitiator$ConnectionProviderJdbcConnectionAccess@5ebde070] for (non-JTA) DDL execution was not in auto-commit mode; the Connection 'local transaction' will be committed and the Connection will be set into auto-commit mode.
2018-03-04 03:15:43 INFO  ApplicantController:157 - Entering The LoginCivilian Method
2018-03-04 03:15:43 INFO  QueryTranslatorFactoryInitiator:47 - HHH000397: Using ASTQueryTranslatorFactory
2018-03-04 03:15:44 INFO  ApplicantController:184 - Exiting The LoginCivilian Method
2018-03-04 11:42:13 INFO  Version:45 - HHH000412: Hibernate Core {5.2.11.Final}
2018-03-04 11:42:13 INFO  Environment:213 - HHH000206: hibernate.properties not found
2018-03-04 11:42:16 INFO  Version:66 - HCANN000001: Hibernate Commons Annotations {5.0.1.Final}
2018-03-04 11:42:16 WARN  pooling:70 - HHH10001002: Using Hibernate built-in connection pool (not for production use!)
2018-03-04 11:42:16 INFO  pooling:126 - HHH10001005: using driver [com.mysql.jdbc.Driver] at URL [jdbc:mysql://localhost/rough]
2018-03-04 11:42:16 INFO  pooling:135 - HHH10001001: Connection properties: {user=root, password=****}
2018-03-04 11:42:16 INFO  pooling:140 - HHH10001003: Autocommit mode: false
2018-03-04 11:42:16 INFO  DriverManagerConnectionProviderImpl:41 - HHH000115: Hibernate connection pool size: 20 (min=1)
2018-03-04 11:42:19 INFO  Dialect:157 - HHH000400: Using dialect: org.hibernate.dialect.MySQL57Dialect
2018-03-04 11:42:24 INFO  access:47 - HHH10001501: Connection obtained from JdbcConnectionAccess [org.hibernate.engine.jdbc.env.internal.JdbcEnvironmentInitiator$ConnectionProviderJdbcConnectionAccess@34cc18bd] for (non-JTA) DDL execution was not in auto-commit mode; the Connection 'local transaction' will be committed and the Connection will be set into auto-commit mode.
2018-03-04 11:42:27 INFO  ApplicantController:84 - OfficerBean [stationName=Dasna, stationArea=Dasna, officerName=Fahruk Khan, emailAddress=fahruk123@gmail.com, password=12345]
2018-03-04 11:43:27 WARN  pooling:70 - HHH10001002: Using Hibernate built-in connection pool (not for production use!)
2018-03-04 11:43:27 INFO  pooling:126 - HHH10001005: using driver [com.mysql.jdbc.Driver] at URL [jdbc:mysql://localhost/rough]
2018-03-04 11:43:27 INFO  pooling:135 - HHH10001001: Connection properties: {user=root, password=****}
2018-03-04 11:43:27 INFO  pooling:140 - HHH10001003: Autocommit mode: false
2018-03-04 11:43:27 INFO  DriverManagerConnectionProviderImpl:41 - HHH000115: Hibernate connection pool size: 20 (min=1)
2018-03-04 11:43:27 INFO  Dialect:157 - HHH000400: Using dialect: org.hibernate.dialect.MySQL57Dialect
2018-03-04 11:43:27 INFO  access:47 - HHH10001501: Connection obtained from JdbcConnectionAccess [org.hibernate.engine.jdbc.env.internal.JdbcEnvironmentInitiator$ConnectionProviderJdbcConnectionAccess@384fb2b8] for (non-JTA) DDL execution was not in auto-commit mode; the Connection 'local transaction' will be committed and the Connection will be set into auto-commit mode.
2018-03-04 11:43:27 INFO  ApplicantController:84 - OfficerBean [stationName=Dasna, stationArea=Dasna, officerName=Fahruk Khan, emailAddress=fahruk123@gmail.com, password=12345]
2018-03-04 11:43:28 WARN  SqlExceptionHelper:129 - SQL Error: 1062, SQLState: 23000
2018-03-04 11:43:28 ERROR SqlExceptionHelper:131 - Duplicate entry 'Fahruk Khan' for key 'PRIMARY'
2018-03-04 11:43:28 INFO  AbstractBatchImpl:193 - HHH000010: On release of batch it still contained JDBC statements
2018-03-04 11:43:28 ERROR ExceptionMapperStandardImpl:39 - HHH000346: Error during managed flush [org.hibernate.exception.ConstraintViolationException: could not execute statement]
2018-03-04 11:43:28 WARN  ApplicantController:92 - javax.persistence.PersistenceException: org.hibernate.exception.ConstraintViolationException: could not execute statement
2018-03-04 11:44:11 WARN  pooling:70 - HHH10001002: Using Hibernate built-in connection pool (not for production use!)
2018-03-04 11:44:11 INFO  pooling:126 - HHH10001005: using driver [com.mysql.jdbc.Driver] at URL [jdbc:mysql://localhost/rough]
2018-03-04 11:44:11 INFO  pooling:135 - HHH10001001: Connection properties: {user=root, password=****}
2018-03-04 11:44:11 INFO  pooling:140 - HHH10001003: Autocommit mode: false
2018-03-04 11:44:11 INFO  DriverManagerConnectionProviderImpl:41 - HHH000115: Hibernate connection pool size: 20 (min=1)
2018-03-04 11:44:11 INFO  Dialect:157 - HHH000400: Using dialect: org.hibernate.dialect.MySQL57Dialect
2018-03-04 11:44:11 INFO  access:47 - HHH10001501: Connection obtained from JdbcConnectionAccess [org.hibernate.engine.jdbc.env.internal.JdbcEnvironmentInitiator$ConnectionProviderJdbcConnectionAccess@321e278a] for (non-JTA) DDL execution was not in auto-commit mode; the Connection 'local transaction' will be committed and the Connection will be set into auto-commit mode.
2018-03-04 11:44:11 INFO  ApplicantController:84 - OfficerBean [stationName=Pilkhuwa, stationArea=Pilkhuwa, officerName=Paras Agarwal, emailAddress=paras123@gmail.com, password=12345]
2018-03-04 11:46:22 WARN  pooling:70 - HHH10001002: Using Hibernate built-in connection pool (not for production use!)
2018-03-04 11:46:22 INFO  pooling:126 - HHH10001005: using driver [com.mysql.jdbc.Driver] at URL [jdbc:mysql://localhost/rough]
2018-03-04 11:46:22 INFO  pooling:135 - HHH10001001: Connection properties: {user=root, password=****}
2018-03-04 11:46:22 INFO  pooling:140 - HHH10001003: Autocommit mode: false
2018-03-04 11:46:22 INFO  DriverManagerConnectionProviderImpl:41 - HHH000115: Hibernate connection pool size: 20 (min=1)
2018-03-04 11:46:22 INFO  Dialect:157 - HHH000400: Using dialect: org.hibernate.dialect.MySQL57Dialect
2018-03-04 11:46:22 INFO  access:47 - HHH10001501: Connection obtained from JdbcConnectionAccess [org.hibernate.engine.jdbc.env.internal.JdbcEnvironmentInitiator$ConnectionProviderJdbcConnectionAccess@6651b45d] for (non-JTA) DDL execution was not in auto-commit mode; the Connection 'local transaction' will be committed and the Connection will be set into auto-commit mode.
2018-03-04 11:46:22 INFO  ApplicantController:84 - OfficerBean [stationName=Pilkhuwa, stationArea=Pilkhuwa, officerName=Gaurav Kumar, emailAddress=SinghDigvijay1030@gmail.com, password=12345]
2018-03-04 11:47:36 WARN  pooling:70 - HHH10001002: Using Hibernate built-in connection pool (not for production use!)
2018-03-04 11:47:36 INFO  pooling:126 - HHH10001005: using driver [com.mysql.jdbc.Driver] at URL [jdbc:mysql://localhost/rough]
2018-03-04 11:47:36 INFO  pooling:135 - HHH10001001: Connection properties: {user=root, password=****}
2018-03-04 11:47:36 INFO  pooling:140 - HHH10001003: Autocommit mode: false
2018-03-04 11:47:36 INFO  DriverManagerConnectionProviderImpl:41 - HHH000115: Hibernate connection pool size: 20 (min=1)
2018-03-04 11:47:36 INFO  Dialect:157 - HHH000400: Using dialect: org.hibernate.dialect.MySQL57Dialect
2018-03-04 11:47:36 INFO  access:47 - HHH10001501: Connection obtained from JdbcConnectionAccess [org.hibernate.engine.jdbc.env.internal.JdbcEnvironmentInitiator$ConnectionProviderJdbcConnectionAccess@3adbf276] for (non-JTA) DDL execution was not in auto-commit mode; the Connection 'local transaction' will be committed and the Connection will be set into auto-commit mode.
2018-03-04 11:47:36 INFO  ApplicantController:84 - OfficerBean [stationName=Pilkhuwa, stationArea=Pilkhuwa, officerName=Diskshant Kumar, emailAddress=SinghDigvijay1030@gmail.com, password=12345]
2018-03-04 11:50:19 WARN  pooling:70 - HHH10001002: Using Hibernate built-in connection pool (not for production use!)
2018-03-04 11:50:19 INFO  pooling:126 - HHH10001005: using driver [com.mysql.jdbc.Driver] at URL [jdbc:mysql://localhost/rough]
2018-03-04 11:50:19 INFO  pooling:135 - HHH10001001: Connection properties: {user=root, password=****}
2018-03-04 11:50:19 INFO  pooling:140 - HHH10001003: Autocommit mode: false
2018-03-04 11:50:19 INFO  DriverManagerConnectionProviderImpl:41 - HHH000115: Hibernate connection pool size: 20 (min=1)
2018-03-04 11:50:19 INFO  Dialect:157 - HHH000400: Using dialect: org.hibernate.dialect.MySQL57Dialect
2018-03-04 11:50:19 INFO  access:47 - HHH10001501: Connection obtained from JdbcConnectionAccess [org.hibernate.engine.jdbc.env.internal.JdbcEnvironmentInitiator$ConnectionProviderJdbcConnectionAccess@28245c6c] for (non-JTA) DDL execution was not in auto-commit mode; the Connection 'local transaction' will be committed and the Connection will be set into auto-commit mode.
2018-03-04 11:50:19 INFO  ApplicantController:84 - OfficerBean [stationName=Dasna, stationArea=Dasna, officerName=Faisal Attrachari, emailAddress=admin@jtp.com, password=12345]
2018-03-04 11:51:39 WARN  pooling:70 - HHH10001002: Using Hibernate built-in connection pool (not for production use!)
2018-03-04 11:51:39 INFO  pooling:126 - HHH10001005: using driver [com.mysql.jdbc.Driver] at URL [jdbc:mysql://localhost/rough]
2018-03-04 11:51:39 INFO  pooling:135 - HHH10001001: Connection properties: {user=root, password=****}
2018-03-04 11:51:39 INFO  pooling:140 - HHH10001003: Autocommit mode: false
2018-03-04 11:51:39 INFO  DriverManagerConnectionProviderImpl:41 - HHH000115: Hibernate connection pool size: 20 (min=1)
2018-03-04 11:51:39 INFO  Dialect:157 - HHH000400: Using dialect: org.hibernate.dialect.MySQL57Dialect
2018-03-04 11:51:39 INFO  access:47 - HHH10001501: Connection obtained from JdbcConnectionAccess [org.hibernate.engine.jdbc.env.internal.JdbcEnvironmentInitiator$ConnectionProviderJdbcConnectionAccess@389c99ec] for (non-JTA) DDL execution was not in auto-commit mode; the Connection 'local transaction' will be committed and the Connection will be set into auto-commit mode.
2018-03-04 11:51:40 INFO  ApplicantController:84 - OfficerBean [stationName=Dasna, stationArea=Dasna, officerName=Faisal Attrachari, emailAddress=admin@jtp.com, password=12345]
2018-03-04 11:51:40 WARN  SqlExceptionHelper:129 - SQL Error: 1062, SQLState: 23000
2018-03-04 11:51:40 ERROR SqlExceptionHelper:131 - Duplicate entry 'Faisal Attrachari' for key 'PRIMARY'
2018-03-04 11:51:40 INFO  AbstractBatchImpl:193 - HHH000010: On release of batch it still contained JDBC statements
2018-03-04 11:51:40 ERROR ExceptionMapperStandardImpl:39 - HHH000346: Error during managed flush [org.hibernate.exception.ConstraintViolationException: could not execute statement]
2018-03-04 11:51:40 WARN  ApplicantController:92 - javax.persistence.PersistenceException: org.hibernate.exception.ConstraintViolationException: could not execute statement
2018-03-04 11:52:31 WARN  pooling:70 - HHH10001002: Using Hibernate built-in connection pool (not for production use!)
2018-03-04 11:52:31 INFO  pooling:126 - HHH10001005: using driver [com.mysql.jdbc.Driver] at URL [jdbc:mysql://localhost/rough]
2018-03-04 11:52:31 INFO  pooling:135 - HHH10001001: Connection properties: {user=root, password=****}
2018-03-04 11:52:31 INFO  pooling:140 - HHH10001003: Autocommit mode: false
2018-03-04 11:52:31 INFO  DriverManagerConnectionProviderImpl:41 - HHH000115: Hibernate connection pool size: 20 (min=1)
2018-03-04 11:52:31 INFO  Dialect:157 - HHH000400: Using dialect: org.hibernate.dialect.MySQL57Dialect
2018-03-04 11:52:31 INFO  access:47 - HHH10001501: Connection obtained from JdbcConnectionAccess [org.hibernate.engine.jdbc.env.internal.JdbcEnvironmentInitiator$ConnectionProviderJdbcConnectionAccess@2950a885] for (non-JTA) DDL execution was not in auto-commit mode; the Connection 'local transaction' will be committed and the Connection will be set into auto-commit mode.
2018-03-04 11:52:31 INFO  ApplicantController:84 - OfficerBean [stationName=Dasna, stationArea=Dasna, officerName=Faisal Attrachari, emailAddress=admin@jtp.com, password=12345]
2018-03-04 11:52:31 WARN  SqlExceptionHelper:129 - SQL Error: 1062, SQLState: 23000
2018-03-04 11:52:31 ERROR SqlExceptionHelper:131 - Duplicate entry 'Faisal Attrachari' for key 'PRIMARY'
2018-03-04 11:52:31 INFO  AbstractBatchImpl:193 - HHH000010: On release of batch it still contained JDBC statements
2018-03-04 11:52:31 ERROR ExceptionMapperStandardImpl:39 - HHH000346: Error during managed flush [org.hibernate.exception.ConstraintViolationException: could not execute statement]
2018-03-04 11:52:31 WARN  ApplicantController:92 - javax.persistence.PersistenceException: org.hibernate.exception.ConstraintViolationException: could not execute statement
2018-03-04 11:53:48 WARN  pooling:70 - HHH10001002: Using Hibernate built-in connection pool (not for production use!)
2018-03-04 11:53:48 INFO  pooling:126 - HHH10001005: using driver [com.mysql.jdbc.Driver] at URL [jdbc:mysql://localhost/rough]
2018-03-04 11:53:48 INFO  pooling:135 - HHH10001001: Connection properties: {user=root, password=****}
2018-03-04 11:53:48 INFO  pooling:140 - HHH10001003: Autocommit mode: false
2018-03-04 11:53:48 INFO  DriverManagerConnectionProviderImpl:41 - HHH000115: Hibernate connection pool size: 20 (min=1)
2018-03-04 11:53:48 INFO  Dialect:157 - HHH000400: Using dialect: org.hibernate.dialect.MySQL57Dialect
2018-03-04 11:53:48 INFO  access:47 - HHH10001501: Connection obtained from JdbcConnectionAccess [org.hibernate.engine.jdbc.env.internal.JdbcEnvironmentInitiator$ConnectionProviderJdbcConnectionAccess@7507cf0d] for (non-JTA) DDL execution was not in auto-commit mode; the Connection 'local transaction' will be committed and the Connection will be set into auto-commit mode.
2018-03-04 11:53:48 INFO  ApplicantController:84 - OfficerBean [stationName=Dasna, stationArea=Dasna, officerName=Faisal Attrachari, emailAddress=admin@jtp.com, password=12345]
2018-03-04 11:53:49 WARN  SqlExceptionHelper:129 - SQL Error: 1062, SQLState: 23000
2018-03-04 11:53:49 ERROR SqlExceptionHelper:131 - Duplicate entry 'Faisal Attrachari' for key 'PRIMARY'
2018-03-04 11:53:49 INFO  AbstractBatchImpl:193 - HHH000010: On release of batch it still contained JDBC statements
2018-03-04 11:53:49 ERROR ExceptionMapperStandardImpl:39 - HHH000346: Error during managed flush [org.hibernate.exception.ConstraintViolationException: could not execute statement]
2018-03-04 11:53:49 WARN  ApplicantController:92 - javax.persistence.PersistenceException: org.hibernate.exception.ConstraintViolationException: could not execute statement
2018-03-04 11:54:58 WARN  pooling:70 - HHH10001002: Using Hibernate built-in connection pool (not for production use!)
2018-03-04 11:54:58 INFO  pooling:126 - HHH10001005: using driver [com.mysql.jdbc.Driver] at URL [jdbc:mysql://localhost/rough]
2018-03-04 11:54:58 INFO  pooling:135 - HHH10001001: Connection properties: {user=root, password=****}
2018-03-04 11:54:58 INFO  pooling:140 - HHH10001003: Autocommit mode: false
2018-03-04 11:54:58 INFO  DriverManagerConnectionProviderImpl:41 - HHH000115: Hibernate connection pool size: 20 (min=1)
2018-03-04 11:54:58 INFO  Dialect:157 - HHH000400: Using dialect: org.hibernate.dialect.MySQL57Dialect
2018-03-04 11:54:58 INFO  access:47 - HHH10001501: Connection obtained from JdbcConnectionAccess [org.hibernate.engine.jdbc.env.internal.JdbcEnvironmentInitiator$ConnectionProviderJdbcConnectionAccess@62aefa9b] for (non-JTA) DDL execution was not in auto-commit mode; the Connection 'local transaction' will be committed and the Connection will be set into auto-commit mode.
2018-03-04 11:54:59 INFO  ApplicantController:84 - OfficerBean [stationName=Dasna, stationArea=Dasna, officerName=Faisal Attrachari, emailAddress=admin@jtp.com, password=12345]
2018-03-04 11:54:59 WARN  SqlExceptionHelper:129 - SQL Error: 1062, SQLState: 23000
2018-03-04 11:54:59 ERROR SqlExceptionHelper:131 - Duplicate entry 'Faisal Attrachari' for key 'PRIMARY'
2018-03-04 11:54:59 INFO  AbstractBatchImpl:193 - HHH000010: On release of batch it still contained JDBC statements
2018-03-04 11:54:59 ERROR ExceptionMapperStandardImpl:39 - HHH000346: Error during managed flush [org.hibernate.exception.ConstraintViolationException: could not execute statement]
2018-03-04 11:54:59 WARN  ApplicantController:92 - javax.persistence.PersistenceException: org.hibernate.exception.ConstraintViolationException: could not execute statement
2018-03-04 11:55:35 WARN  pooling:70 - HHH10001002: Using Hibernate built-in connection pool (not for production use!)
2018-03-04 11:55:35 INFO  pooling:126 - HHH10001005: using driver [com.mysql.jdbc.Driver] at URL [jdbc:mysql://localhost/rough]
2018-03-04 11:55:35 INFO  pooling:135 - HHH10001001: Connection properties: {user=root, password=****}
2018-03-04 11:55:35 INFO  pooling:140 - HHH10001003: Autocommit mode: false
2018-03-04 11:55:35 INFO  DriverManagerConnectionProviderImpl:41 - HHH000115: Hibernate connection pool size: 20 (min=1)
2018-03-04 11:55:35 INFO  Dialect:157 - HHH000400: Using dialect: org.hibernate.dialect.MySQL57Dialect
2018-03-04 11:55:35 INFO  access:47 - HHH10001501: Connection obtained from JdbcConnectionAccess [org.hibernate.engine.jdbc.env.internal.JdbcEnvironmentInitiator$ConnectionProviderJdbcConnectionAccess@75b5826d] for (non-JTA) DDL execution was not in auto-commit mode; the Connection 'local transaction' will be committed and the Connection will be set into auto-commit mode.
2018-03-04 11:55:35 INFO  ApplicantController:84 - OfficerBean [stationName=Dasna, stationArea=Dasna, officerName=Faisal Attrachari, emailAddress=admin@jtp.com, password=12345]
2018-03-04 11:55:35 WARN  SqlExceptionHelper:129 - SQL Error: 1062, SQLState: 23000
2018-03-04 11:55:35 ERROR SqlExceptionHelper:131 - Duplicate entry 'Faisal Attrachari' for key 'PRIMARY'
2018-03-04 11:55:35 INFO  AbstractBatchImpl:193 - HHH000010: On release of batch it still contained JDBC statements
2018-03-04 11:55:35 ERROR ExceptionMapperStandardImpl:39 - HHH000346: Error during managed flush [org.hibernate.exception.ConstraintViolationException: could not execute statement]
2018-03-04 11:55:35 WARN  ApplicantController:92 - javax.persistence.PersistenceException: org.hibernate.exception.ConstraintViolationException: could not execute statement
2018-03-04 11:56:21 WARN  pooling:70 - HHH10001002: Using Hibernate built-in connection pool (not for production use!)
2018-03-04 11:56:21 INFO  pooling:126 - HHH10001005: using driver [com.mysql.jdbc.Driver] at URL [jdbc:mysql://localhost/rough]
2018-03-04 11:56:21 INFO  pooling:135 - HHH10001001: Connection properties: {user=root, password=****}
2018-03-04 11:56:21 INFO  pooling:140 - HHH10001003: Autocommit mode: false
2018-03-04 11:56:21 INFO  DriverManagerConnectionProviderImpl:41 - HHH000115: Hibernate connection pool size: 20 (min=1)
2018-03-04 11:56:21 INFO  Dialect:157 - HHH000400: Using dialect: org.hibernate.dialect.MySQL57Dialect
2018-03-04 11:56:21 INFO  access:47 - HHH10001501: Connection obtained from JdbcConnectionAccess [org.hibernate.engine.jdbc.env.internal.JdbcEnvironmentInitiator$ConnectionProviderJdbcConnectionAccess@1fe112c] for (non-JTA) DDL execution was not in auto-commit mode; the Connection 'local transaction' will be committed and the Connection will be set into auto-commit mode.
2018-03-04 11:56:21 INFO  ApplicantController:84 - OfficerBean [stationName=Dasna, stationArea=Dasna, officerName=Faisal Attrachari, emailAddress=admin@jtp.com, password=12345]
2018-03-04 11:56:22 WARN  SqlExceptionHelper:129 - SQL Error: 1062, SQLState: 23000
2018-03-04 11:56:22 ERROR SqlExceptionHelper:131 - Duplicate entry 'Faisal Attrachari' for key 'PRIMARY'
2018-03-04 11:56:22 INFO  AbstractBatchImpl:193 - HHH000010: On release of batch it still contained JDBC statements
2018-03-04 11:56:22 ERROR ExceptionMapperStandardImpl:39 - HHH000346: Error during managed flush [org.hibernate.exception.ConstraintViolationException: could not execute statement]
2018-03-04 11:56:22 WARN  ApplicantController:92 - javax.persistence.PersistenceException: org.hibernate.exception.ConstraintViolationException: could not execute statement
2018-03-04 11:56:59 WARN  pooling:70 - HHH10001002: Using Hibernate built-in connection pool (not for production use!)
2018-03-04 11:56:59 INFO  pooling:126 - HHH10001005: using driver [com.mysql.jdbc.Driver] at URL [jdbc:mysql://localhost/rough]
2018-03-04 11:56:59 INFO  pooling:135 - HHH10001001: Connection properties: {user=root, password=****}
2018-03-04 11:56:59 INFO  pooling:140 - HHH10001003: Autocommit mode: false
2018-03-04 11:56:59 INFO  DriverManagerConnectionProviderImpl:41 - HHH000115: Hibernate connection pool size: 20 (min=1)
2018-03-04 11:56:59 INFO  Dialect:157 - HHH000400: Using dialect: org.hibernate.dialect.MySQL57Dialect
2018-03-04 11:56:59 INFO  access:47 - HHH10001501: Connection obtained from JdbcConnectionAccess [org.hibernate.engine.jdbc.env.internal.JdbcEnvironmentInitiator$ConnectionProviderJdbcConnectionAccess@3aa3f804] for (non-JTA) DDL execution was not in auto-commit mode; the Connection 'local transaction' will be committed and the Connection will be set into auto-commit mode.
2018-03-04 11:56:59 INFO  ApplicantController:84 - OfficerBean [stationName=Dasna, stationArea=Dasna, officerName=Faisal Attrachari, emailAddress=admin@jtp.com, password=12345]
2018-03-04 11:56:59 WARN  SqlExceptionHelper:129 - SQL Error: 1062, SQLState: 23000
2018-03-04 11:56:59 ERROR SqlExceptionHelper:131 - Duplicate entry 'Faisal Attrachari' for key 'PRIMARY'
2018-03-04 11:56:59 INFO  AbstractBatchImpl:193 - HHH000010: On release of batch it still contained JDBC statements
2018-03-04 11:56:59 ERROR ExceptionMapperStandardImpl:39 - HHH000346: Error during managed flush [org.hibernate.exception.ConstraintViolationException: could not execute statement]
2018-03-04 11:56:59 WARN  ApplicantController:92 - javax.persistence.PersistenceException: org.hibernate.exception.ConstraintViolationException: could not execute statement
2018-03-04 12:02:20 INFO  Version:45 - HHH000412: Hibernate Core {5.2.11.Final}
2018-03-04 12:02:20 INFO  Environment:213 - HHH000206: hibernate.properties not found
2018-03-04 12:02:22 INFO  Version:66 - HCANN000001: Hibernate Commons Annotations {5.0.1.Final}
2018-03-04 12:02:22 WARN  pooling:70 - HHH10001002: Using Hibernate built-in connection pool (not for production use!)
2018-03-04 12:02:22 INFO  pooling:126 - HHH10001005: using driver [com.mysql.jdbc.Driver] at URL [jdbc:mysql://localhost/rough]
2018-03-04 12:02:22 INFO  pooling:135 - HHH10001001: Connection properties: {user=root, password=****}
2018-03-04 12:02:22 INFO  pooling:140 - HHH10001003: Autocommit mode: false
2018-03-04 12:02:22 INFO  DriverManagerConnectionProviderImpl:41 - HHH000115: Hibernate connection pool size: 20 (min=1)
2018-03-04 12:02:24 INFO  Dialect:157 - HHH000400: Using dialect: org.hibernate.dialect.MySQL57Dialect
2018-03-04 12:02:30 INFO  access:47 - HHH10001501: Connection obtained from JdbcConnectionAccess [org.hibernate.engine.jdbc.env.internal.JdbcEnvironmentInitiator$ConnectionProviderJdbcConnectionAccess@4c2bd9e] for (non-JTA) DDL execution was not in auto-commit mode; the Connection 'local transaction' will be committed and the Connection will be set into auto-commit mode.
2018-03-04 12:02:30 INFO  ApplicantController:138 - Entering The LoginOfficer Method
2018-03-04 12:02:31 INFO  QueryTranslatorFactoryInitiator:47 - HHH000397: Using ASTQueryTranslatorFactory
2018-03-04 12:02:32 INFO  ApplicantController:171 - Exiting The LoginOfficer Method
2018-03-04 12:04:40 INFO  Version:45 - HHH000412: Hibernate Core {5.2.11.Final}
2018-03-04 12:04:40 INFO  Environment:213 - HHH000206: hibernate.properties not found
2018-03-04 12:04:40 INFO  Version:66 - HCANN000001: Hibernate Commons Annotations {5.0.1.Final}
2018-03-04 12:04:41 WARN  pooling:70 - HHH10001002: Using Hibernate built-in connection pool (not for production use!)
2018-03-04 12:04:41 INFO  pooling:126 - HHH10001005: using driver [com.mysql.jdbc.Driver] at URL [jdbc:mysql://localhost/rough]
2018-03-04 12:04:41 INFO  pooling:135 - HHH10001001: Connection properties: {user=root, password=****}
2018-03-04 12:04:41 INFO  pooling:140 - HHH10001003: Autocommit mode: false
2018-03-04 12:04:41 INFO  DriverManagerConnectionProviderImpl:41 - HHH000115: Hibernate connection pool size: 20 (min=1)
2018-03-04 12:04:42 INFO  Dialect:157 - HHH000400: Using dialect: org.hibernate.dialect.MySQL57Dialect
2018-03-04 12:04:46 INFO  access:47 - HHH10001501: Connection obtained from JdbcConnectionAccess [org.hibernate.engine.jdbc.env.internal.JdbcEnvironmentInitiator$ConnectionProviderJdbcConnectionAccess@dc6e9e4] for (non-JTA) DDL execution was not in auto-commit mode; the Connection 'local transaction' will be committed and the Connection will be set into auto-commit mode.
2018-03-04 12:04:47 INFO  ApplicantController:139 - Entering The LoginOfficer Method
2018-03-04 12:04:48 INFO  QueryTranslatorFactoryInitiator:47 - HHH000397: Using ASTQueryTranslatorFactory
2018-03-04 12:04:48 INFO  ApplicantController:176 - Exiting The LoginOfficer Method
2018-03-04 12:14:18 INFO  Version:45 - HHH000412: Hibernate Core {5.2.11.Final}
2018-03-04 12:14:18 INFO  Environment:213 - HHH000206: hibernate.properties not found
2018-03-04 12:14:20 INFO  Version:66 - HCANN000001: Hibernate Commons Annotations {5.0.1.Final}
2018-03-04 12:14:21 WARN  pooling:70 - HHH10001002: Using Hibernate built-in connection pool (not for production use!)
2018-03-04 12:14:21 INFO  pooling:126 - HHH10001005: using driver [com.mysql.jdbc.Driver] at URL [jdbc:mysql://localhost/rough]
2018-03-04 12:14:21 INFO  pooling:135 - HHH10001001: Connection properties: {user=root, password=****}
2018-03-04 12:14:21 INFO  pooling:140 - HHH10001003: Autocommit mode: false
2018-03-04 12:14:21 INFO  DriverManagerConnectionProviderImpl:41 - HHH000115: Hibernate connection pool size: 20 (min=1)
2018-03-04 12:14:22 INFO  Dialect:157 - HHH000400: Using dialect: org.hibernate.dialect.MySQL57Dialect
2018-03-04 12:14:26 INFO  access:47 - HHH10001501: Connection obtained from JdbcConnectionAccess [org.hibernate.engine.jdbc.env.internal.JdbcEnvironmentInitiator$ConnectionProviderJdbcConnectionAccess@1e0eef92] for (non-JTA) DDL execution was not in auto-commit mode; the Connection 'local transaction' will be committed and the Connection will be set into auto-commit mode.
2018-03-04 12:14:27 INFO  ApplicantController:195 - Entering The LoginCivilian Method
2018-03-04 12:14:28 INFO  QueryTranslatorFactoryInitiator:47 - HHH000397: Using ASTQueryTranslatorFactory
2018-03-04 12:14:29 INFO  ApplicantController:229 - Exiting The LoginCivilian Method
2018-03-04 12:19:20 INFO  Version:45 - HHH000412: Hibernate Core {5.2.11.Final}
2018-03-04 12:19:20 INFO  Environment:213 - HHH000206: hibernate.properties not found
2018-03-04 12:19:21 INFO  Version:66 - HCANN000001: Hibernate Commons Annotations {5.0.1.Final}
2018-03-04 12:19:22 WARN  pooling:70 - HHH10001002: Using Hibernate built-in connection pool (not for production use!)
2018-03-04 12:19:22 INFO  pooling:126 - HHH10001005: using driver [com.mysql.jdbc.Driver] at URL [jdbc:mysql://localhost/rough]
2018-03-04 12:19:22 INFO  pooling:135 - HHH10001001: Connection properties: {user=root, password=****}
2018-03-04 12:19:22 INFO  pooling:140 - HHH10001003: Autocommit mode: false
2018-03-04 12:19:22 INFO  DriverManagerConnectionProviderImpl:41 - HHH000115: Hibernate connection pool size: 20 (min=1)
2018-03-04 12:19:24 INFO  Dialect:157 - HHH000400: Using dialect: org.hibernate.dialect.MySQL57Dialect
2018-03-04 12:19:35 INFO  access:47 - HHH10001501: Connection obtained from JdbcConnectionAccess [org.hibernate.engine.jdbc.env.internal.JdbcEnvironmentInitiator$ConnectionProviderJdbcConnectionAccess@1b21e1fb] for (non-JTA) DDL execution was not in auto-commit mode; the Connection 'local transaction' will be committed and the Connection will be set into auto-commit mode.
2018-03-04 12:19:39 INFO  ApplicantController:195 - Entering The LoginCivilian Method
2018-03-04 12:19:43 INFO  QueryTranslatorFactoryInitiator:47 - HHH000397: Using ASTQueryTranslatorFactory
2018-03-04 12:19:45 INFO  ApplicantController:228 - Exiting The LoginCivilian Method
2018-03-04 12:22:20 INFO  Version:45 - HHH000412: Hibernate Core {5.2.11.Final}
2018-03-04 12:22:20 INFO  Environment:213 - HHH000206: hibernate.properties not found
2018-03-04 12:22:20 INFO  Version:66 - HCANN000001: Hibernate Commons Annotations {5.0.1.Final}
2018-03-04 12:22:20 WARN  pooling:70 - HHH10001002: Using Hibernate built-in connection pool (not for production use!)
2018-03-04 12:22:20 INFO  pooling:126 - HHH10001005: using driver [com.mysql.jdbc.Driver] at URL [jdbc:mysql://localhost/rough]
2018-03-04 12:22:20 INFO  pooling:135 - HHH10001001: Connection properties: {user=root, password=****}
2018-03-04 12:22:20 INFO  pooling:140 - HHH10001003: Autocommit mode: false
2018-03-04 12:22:20 INFO  DriverManagerConnectionProviderImpl:41 - HHH000115: Hibernate connection pool size: 20 (min=1)
2018-03-04 12:22:21 INFO  Dialect:157 - HHH000400: Using dialect: org.hibernate.dialect.MySQL57Dialect
2018-03-04 12:22:23 INFO  access:47 - HHH10001501: Connection obtained from JdbcConnectionAccess [org.hibernate.engine.jdbc.env.internal.JdbcEnvironmentInitiator$ConnectionProviderJdbcConnectionAccess@63c168f4] for (non-JTA) DDL execution was not in auto-commit mode; the Connection 'local transaction' will be committed and the Connection will be set into auto-commit mode.
2018-03-04 12:22:24 INFO  ApplicantController:195 - Entering The LoginCivilian Method
2018-03-04 12:22:24 INFO  QueryTranslatorFactoryInitiator:47 - HHH000397: Using ASTQueryTranslatorFactory
2018-03-04 12:22:24 INFO  ApplicantController:221 - Match Found
2018-03-04 12:22:24 INFO  ApplicantController:229 - Exiting The LoginCivilian Method
2018-03-04 12:22:46 INFO  Version:45 - HHH000412: Hibernate Core {5.2.11.Final}
2018-03-04 12:22:46 INFO  Environment:213 - HHH000206: hibernate.properties not found
2018-03-04 12:22:47 INFO  Version:66 - HCANN000001: Hibernate Commons Annotations {5.0.1.Final}
2018-03-04 12:22:48 WARN  pooling:70 - HHH10001002: Using Hibernate built-in connection pool (not for production use!)
2018-03-04 12:22:48 INFO  pooling:126 - HHH10001005: using driver [com.mysql.jdbc.Driver] at URL [jdbc:mysql://localhost/rough]
2018-03-04 12:22:48 INFO  pooling:135 - HHH10001001: Connection properties: {user=root, password=****}
2018-03-04 12:22:48 INFO  pooling:140 - HHH10001003: Autocommit mode: false
2018-03-04 12:22:48 INFO  DriverManagerConnectionProviderImpl:41 - HHH000115: Hibernate connection pool size: 20 (min=1)
2018-03-04 12:22:50 INFO  Dialect:157 - HHH000400: Using dialect: org.hibernate.dialect.MySQL57Dialect
2018-03-04 12:22:53 INFO  access:47 - HHH10001501: Connection obtained from JdbcConnectionAccess [org.hibernate.engine.jdbc.env.internal.JdbcEnvironmentInitiator$ConnectionProviderJdbcConnectionAccess@287f3c6f] for (non-JTA) DDL execution was not in auto-commit mode; the Connection 'local transaction' will be committed and the Connection will be set into auto-commit mode.
2018-03-04 12:22:54 INFO  ApplicantController:195 - Entering The LoginCivilian Method
2018-03-04 12:22:55 INFO  QueryTranslatorFactoryInitiator:47 - HHH000397: Using ASTQueryTranslatorFactory
2018-03-04 12:22:55 INFO  ApplicantController:221 - Match Found
2018-03-04 12:22:55 INFO  ApplicantController:229 - Exiting The LoginCivilian Method
2018-03-04 12:26:51 INFO  Version:45 - HHH000412: Hibernate Core {5.2.11.Final}
2018-03-04 12:26:51 INFO  Environment:213 - HHH000206: hibernate.properties not found
2018-03-04 12:26:51 INFO  Version:66 - HCANN000001: Hibernate Commons Annotations {5.0.1.Final}
2018-03-04 12:26:52 WARN  pooling:70 - HHH10001002: Using Hibernate built-in connection pool (not for production use!)
2018-03-04 12:26:52 INFO  pooling:126 - HHH10001005: using driver [com.mysql.jdbc.Driver] at URL [jdbc:mysql://localhost/rough]
2018-03-04 12:26:52 INFO  pooling:135 - HHH10001001: Connection properties: {user=root, password=****}
2018-03-04 12:26:52 INFO  pooling:140 - HHH10001003: Autocommit mode: false
2018-03-04 12:26:52 INFO  DriverManagerConnectionProviderImpl:41 - HHH000115: Hibernate connection pool size: 20 (min=1)
2018-03-04 12:26:54 INFO  Dialect:157 - HHH000400: Using dialect: org.hibernate.dialect.MySQL57Dialect
2018-03-04 12:26:57 INFO  access:47 - HHH10001501: Connection obtained from JdbcConnectionAccess [org.hibernate.engine.jdbc.env.internal.JdbcEnvironmentInitiator$ConnectionProviderJdbcConnectionAccess@4b9fffbf] for (non-JTA) DDL execution was not in auto-commit mode; the Connection 'local transaction' will be committed and the Connection will be set into auto-commit mode.
2018-03-04 12:26:58 INFO  ApplicantController:195 - Entering The LoginCivilian Method
2018-03-04 12:27:00 INFO  QueryTranslatorFactoryInitiator:47 - HHH000397: Using ASTQueryTranslatorFactory
2018-03-04 12:27:02 INFO  ApplicantController:221 - Match Found
2018-03-04 12:27:02 INFO  ApplicantController:229 - Exiting The LoginCivilian Method
2018-03-04 12:27:31 WARN  pooling:70 - HHH10001002: Using Hibernate built-in connection pool (not for production use!)
2018-03-04 12:27:31 INFO  pooling:126 - HHH10001005: using driver [com.mysql.jdbc.Driver] at URL [jdbc:mysql://localhost/rough]
2018-03-04 12:27:31 INFO  pooling:135 - HHH10001001: Connection properties: {user=root, password=****}
2018-03-04 12:27:31 INFO  pooling:140 - HHH10001003: Autocommit mode: false
2018-03-04 12:27:31 INFO  DriverManagerConnectionProviderImpl:41 - HHH000115: Hibernate connection pool size: 20 (min=1)
2018-03-04 12:27:31 INFO  Dialect:157 - HHH000400: Using dialect: org.hibernate.dialect.MySQL57Dialect
2018-03-04 12:27:31 INFO  access:47 - HHH10001501: Connection obtained from JdbcConnectionAccess [org.hibernate.engine.jdbc.env.internal.JdbcEnvironmentInitiator$ConnectionProviderJdbcConnectionAccess@22e0211c] for (non-JTA) DDL execution was not in auto-commit mode; the Connection 'local transaction' will be committed and the Connection will be set into auto-commit mode.
2018-03-04 12:27:31 INFO  ApplicantController:195 - Entering The LoginCivilian Method
2018-03-04 12:27:31 INFO  QueryTranslatorFactoryInitiator:47 - HHH000397: Using ASTQueryTranslatorFactory
2018-03-04 12:27:32 INFO  ApplicantController:221 - Match Found
2018-03-04 12:27:32 INFO  ApplicantController:229 - Exiting The LoginCivilian Method
2018-03-04 12:31:20 WARN  pooling:70 - HHH10001002: Using Hibernate built-in connection pool (not for production use!)
2018-03-04 12:31:20 INFO  pooling:126 - HHH10001005: using driver [com.mysql.jdbc.Driver] at URL [jdbc:mysql://localhost/rough]
2018-03-04 12:31:20 INFO  pooling:135 - HHH10001001: Connection properties: {user=root, password=****}
2018-03-04 12:31:20 INFO  pooling:140 - HHH10001003: Autocommit mode: false
2018-03-04 12:31:20 INFO  DriverManagerConnectionProviderImpl:41 - HHH000115: Hibernate connection pool size: 20 (min=1)
2018-03-04 12:31:20 INFO  Dialect:157 - HHH000400: Using dialect: org.hibernate.dialect.MySQL57Dialect
2018-03-04 12:31:20 INFO  access:47 - HHH10001501: Connection obtained from JdbcConnectionAccess [org.hibernate.engine.jdbc.env.internal.JdbcEnvironmentInitiator$ConnectionProviderJdbcConnectionAccess@7a6bc477] for (non-JTA) DDL execution was not in auto-commit mode; the Connection 'local transaction' will be committed and the Connection will be set into auto-commit mode.
2018-03-04 12:31:20 INFO  ApplicantController:195 - Entering The LoginCivilian Method
2018-03-04 12:31:20 INFO  QueryTranslatorFactoryInitiator:47 - HHH000397: Using ASTQueryTranslatorFactory
2018-03-04 12:31:20 INFO  ApplicantController:221 - Match Found
2018-03-04 12:31:20 INFO  ApplicantController:229 - Exiting The LoginCivilian Method
2018-03-04 14:40:05 INFO  Version:45 - HHH000412: Hibernate Core {5.2.11.Final}
2018-03-04 14:40:05 INFO  Environment:213 - HHH000206: hibernate.properties not found
2018-03-04 14:40:07 INFO  Version:66 - HCANN000001: Hibernate Commons Annotations {5.0.1.Final}
2018-03-04 14:40:08 WARN  pooling:70 - HHH10001002: Using Hibernate built-in connection pool (not for production use!)
2018-03-04 14:40:08 INFO  pooling:126 - HHH10001005: using driver [com.mysql.jdbc.Driver] at URL [jdbc:mysql://localhost/rough]
2018-03-04 14:40:08 INFO  pooling:135 - HHH10001001: Connection properties: {user=root, password=****}
2018-03-04 14:40:08 INFO  pooling:140 - HHH10001003: Autocommit mode: false
2018-03-04 14:40:08 INFO  DriverManagerConnectionProviderImpl:41 - HHH000115: Hibernate connection pool size: 20 (min=1)
2018-03-04 14:40:11 INFO  Dialect:157 - HHH000400: Using dialect: org.hibernate.dialect.MySQL57Dialect
2018-03-04 14:40:16 INFO  access:47 - HHH10001501: Connection obtained from JdbcConnectionAccess [org.hibernate.engine.jdbc.env.internal.JdbcEnvironmentInitiator$ConnectionProviderJdbcConnectionAccess@75ef5ea8] for (non-JTA) DDL execution was not in auto-commit mode; the Connection 'local transaction' will be committed and the Connection will be set into auto-commit mode.
2018-03-04 14:40:18 INFO  ApplicantController:195 - Entering The LoginCivilian Method
2018-03-04 14:40:18 INFO  QueryTranslatorFactoryInitiator:47 - HHH000397: Using ASTQueryTranslatorFactory
2018-03-04 14:40:20 INFO  ApplicantController:221 - Match Found
2018-03-04 14:40:20 INFO  ApplicantController:229 - Exiting The LoginCivilian Method
